<?xml version="1.0" encoding="UTF-8"?>
<testsuite xmlns:xsi="http://www.w3.org/2001/XMLSchema-instance" xsi:noNamespaceSchemaLocation="https://maven.apache.org/surefire/maven-surefire-plugin/xsd/surefire-test-report-3.0.xsd" version="3.0" name="api.test.DataDrivenTest" time="9.919" tests="6" errors="0" skipped="0" failures="0">
  <properties>
    <property name="java.specification.version" value="18"/>
    <property name="sun.cpu.isalist" value="amd64"/>
    <property name="sun.jnu.encoding" value="Cp1252"/>
    <property name="java.class.path" value="C:\Users\PnQ\eclipse-workspace\RestAssurredFramework\target\test-classes;C:\Users\PnQ\eclipse-workspace\RestAssurredFramework\target\classes;C:\Users\PnQ\.m2\repository\io\rest-assured\rest-assured\5.4.0\rest-assured-5.4.0.jar;C:\Users\PnQ\.m2\repository\org\apache\groovy\groovy\4.0.16\groovy-4.0.16.jar;C:\Users\PnQ\.m2\repository\org\apache\groovy\groovy-xml\4.0.16\groovy-xml-4.0.16.jar;C:\Users\PnQ\.m2\repository\org\apache\httpcomponents\httpclient\4.5.13\httpclient-4.5.13.jar;C:\Users\PnQ\.m2\repository\org\apache\httpcomponents\httpcore\4.4.13\httpcore-4.4.13.jar;C:\Users\PnQ\.m2\repository\commons-logging\commons-logging\1.2\commons-logging-1.2.jar;C:\Users\PnQ\.m2\repository\org\apache\httpcomponents\httpmime\4.5.13\httpmime-4.5.13.jar;C:\Users\PnQ\.m2\repository\org\hamcrest\hamcrest\2.2\hamcrest-2.2.jar;C:\Users\PnQ\.m2\repository\org\ccil\cowan\tagsoup\tagsoup\1.2.1\tagsoup-1.2.1.jar;C:\Users\PnQ\.m2\repository\io\rest-assured\xml-path\5.4.0\xml-path-5.4.0.jar;C:\Users\PnQ\.m2\repository\io\rest-assured\json-path\5.4.0\json-path-5.4.0.jar;C:\Users\PnQ\.m2\repository\org\apache\groovy\groovy-json\4.0.16\groovy-json-4.0.16.jar;C:\Users\PnQ\.m2\repository\io\rest-assured\rest-assured-common\5.4.0\rest-assured-common-5.4.0.jar;C:\Users\PnQ\.m2\repository\org\json\json\20240205\json-20240205.jar;C:\Users\PnQ\.m2\repository\org\testng\testng\7.7.1\testng-7.7.1.jar;C:\Users\PnQ\.m2\repository\org\slf4j\slf4j-api\1.7.36\slf4j-api-1.7.36.jar;C:\Users\PnQ\.m2\repository\com\beust\jcommander\1.82\jcommander-1.82.jar;C:\Users\PnQ\.m2\repository\org\webjars\jquery\3.6.1\jquery-3.6.1.jar;C:\Users\PnQ\.m2\repository\com\github\scribejava\scribejava-apis\8.3.3\scribejava-apis-8.3.3.jar;C:\Users\PnQ\.m2\repository\com\github\scribejava\scribejava-core\8.3.3\scribejava-core-8.3.3.jar;C:\Users\PnQ\.m2\repository\com\github\scribejava\scribejava-java8\8.3.3\scribejava-java8-8.3.3.jar;C:\Users\PnQ\.m2\repository\com\fasterxml\jackson\core\jackson-databind\2.14.0\jackson-databind-2.14.0.jar;C:\Users\PnQ\.m2\repository\com\fasterxml\jackson\core\jackson-annotations\2.14.0\jackson-annotations-2.14.0.jar;C:\Users\PnQ\.m2\repository\com\fasterxml\jackson\core\jackson-core\2.14.0\jackson-core-2.14.0.jar;C:\Users\PnQ\.m2\repository\io\rest-assured\json-schema-validator\5.4.0\json-schema-validator-5.4.0.jar;C:\Users\PnQ\.m2\repository\com\github\java-json-tools\json-schema-validator\2.2.14\json-schema-validator-2.2.14.jar;C:\Users\PnQ\.m2\repository\com\github\java-json-tools\jackson-coreutils-equivalence\1.0\jackson-coreutils-equivalence-1.0.jar;C:\Users\PnQ\.m2\repository\com\github\java-json-tools\jackson-coreutils\2.0\jackson-coreutils-2.0.jar;C:\Users\PnQ\.m2\repository\com\github\java-json-tools\msg-simple\1.2\msg-simple-1.2.jar;C:\Users\PnQ\.m2\repository\com\github\java-json-tools\btf\1.3\btf-1.3.jar;C:\Users\PnQ\.m2\repository\com\github\java-json-tools\json-schema-core\1.2.14\json-schema-core-1.2.14.jar;C:\Users\PnQ\.m2\repository\com\github\java-json-tools\uri-template\0.10\uri-template-0.10.jar;C:\Users\PnQ\.m2\repository\org\mozilla\rhino\1.7.7.2\rhino-1.7.7.2.jar;C:\Users\PnQ\.m2\repository\com\sun\mail\mailapi\1.6.2\mailapi-1.6.2.jar;C:\Users\PnQ\.m2\repository\joda-time\joda-time\2.10.5\joda-time-2.10.5.jar;C:\Users\PnQ\.m2\repository\com\googlecode\libphonenumber\libphonenumber\8.11.1\libphonenumber-8.11.1.jar;C:\Users\PnQ\.m2\repository\com\google\code\findbugs\jsr305\3.0.2\jsr305-3.0.2.jar;C:\Users\PnQ\.m2\repository\net\sf\jopt-simple\jopt-simple\5.0.4\jopt-simple-5.0.4.jar;C:\Users\PnQ\.m2\repository\com\google\guava\guava\32.0.1-jre\guava-32.0.1-jre.jar;C:\Users\PnQ\.m2\repository\com\google\guava\failureaccess\1.0.1\failureaccess-1.0.1.jar;C:\Users\PnQ\.m2\repository\com\google\guava\listenablefuture\9999.0-empty-to-avoid-conflict-with-guava\listenablefuture-9999.0-empty-to-avoid-conflict-with-guava.jar;C:\Users\PnQ\.m2\repository\org\checkerframework\checker-qual\3.33.0\checker-qual-3.33.0.jar;C:\Users\PnQ\.m2\repository\com\google\errorprone\error_prone_annotations\2.18.0\error_prone_annotations-2.18.0.jar;C:\Users\PnQ\.m2\repository\com\google\j2objc\j2objc-annotations\2.8\j2objc-annotations-2.8.jar;C:\Users\PnQ\.m2\repository\org\apache\poi\poi\5.2.4\poi-5.2.4.jar;C:\Users\PnQ\.m2\repository\commons-codec\commons-codec\1.16.0\commons-codec-1.16.0.jar;C:\Users\PnQ\.m2\repository\org\apache\commons\commons-collections4\4.4\commons-collections4-4.4.jar;C:\Users\PnQ\.m2\repository\org\apache\commons\commons-math3\3.6.1\commons-math3-3.6.1.jar;C:\Users\PnQ\.m2\repository\commons-io\commons-io\2.13.0\commons-io-2.13.0.jar;C:\Users\PnQ\.m2\repository\com\zaxxer\SparseBitSet\1.3\SparseBitSet-1.3.jar;C:\Users\PnQ\.m2\repository\org\apache\poi\poi-ooxml\5.2.4\poi-ooxml-5.2.4.jar;C:\Users\PnQ\.m2\repository\org\apache\poi\poi-ooxml-lite\5.2.4\poi-ooxml-lite-5.2.4.jar;C:\Users\PnQ\.m2\repository\org\apache\xmlbeans\xmlbeans\5.1.1\xmlbeans-5.1.1.jar;C:\Users\PnQ\.m2\repository\org\apache\commons\commons-compress\1.24.0\commons-compress-1.24.0.jar;C:\Users\PnQ\.m2\repository\com\github\virtuald\curvesapi\1.08\curvesapi-1.08.jar;C:\Users\PnQ\.m2\repository\com\aventstack\extentreports\5.1.0\extentreports-5.1.0.jar;C:\Users\PnQ\.m2\repository\io\reactivex\rxjava3\rxjava\3.1.6\rxjava-3.1.6.jar;C:\Users\PnQ\.m2\repository\org\reactivestreams\reactive-streams\1.0.4\reactive-streams-1.0.4.jar;C:\Users\PnQ\.m2\repository\org\freemarker\freemarker\2.3.32\freemarker-2.3.32.jar;C:\Users\PnQ\.m2\repository\org\projectlombok\lombok\1.18.26\lombok-1.18.26.jar;C:\Users\PnQ\.m2\repository\com\google\code\gson\gson\2.10.1\gson-2.10.1.jar;C:\Users\PnQ\.m2\repository\com\github\javafaker\javafaker\1.0.1\javafaker-1.0.1.jar;C:\Users\PnQ\.m2\repository\org\apache\commons\commons-lang3\3.5\commons-lang3-3.5.jar;C:\Users\PnQ\.m2\repository\org\yaml\snakeyaml\1.23\snakeyaml-1.23-android.jar;C:\Users\PnQ\.m2\repository\com\github\mifmif\generex\1.0.2\generex-1.0.2.jar;C:\Users\PnQ\.m2\repository\dk\brics\automaton\automaton\1.11-8\automaton-1.11-8.jar;C:\Users\PnQ\.m2\repository\org\apache\logging\log4j\log4j-api\2.23.1\log4j-api-2.23.1.jar;C:\Users\PnQ\.m2\repository\org\apache\logging\log4j\log4j-core\2.23.1\log4j-core-2.23.1.jar;"/>
    <property name="java.vm.vendor" value="Oracle Corporation"/>
    <property name="sun.arch.data.model" value="64"/>
    <property name="user.variant" value=""/>
    <property name="java.vendor.url" value="https://java.oracle.com/"/>
    <property name="user.timezone" value="Asia/Calcutta"/>
    <property name="os.name" value="Windows 11"/>
    <property name="java.vm.specification.version" value="18"/>
    <property name="sun.java.launcher" value="SUN_STANDARD"/>
    <property name="user.country" value="IN"/>
    <property name="sun.boot.library.path" value="C:\Program Files\Java\jdk-18.0.1.1\bin"/>
    <property name="sun.java.command" value="C:\Users\PnQ\AppData\Local\Temp\surefire15162568049336943106\surefirebooter-20240327192808242_3.jar C:\Users\PnQ\AppData\Local\Temp\surefire15162568049336943106 2024-03-27T19-28-08_100-jvmRun1 surefire-20240327192808242_1tmp surefire_0-20240327192808242_2tmp"/>
    <property name="jdk.debug" value="release"/>
    <property name="surefire.test.class.path" value="C:\Users\PnQ\eclipse-workspace\RestAssurredFramework\target\test-classes;C:\Users\PnQ\eclipse-workspace\RestAssurredFramework\target\classes;C:\Users\PnQ\.m2\repository\io\rest-assured\rest-assured\5.4.0\rest-assured-5.4.0.jar;C:\Users\PnQ\.m2\repository\org\apache\groovy\groovy\4.0.16\groovy-4.0.16.jar;C:\Users\PnQ\.m2\repository\org\apache\groovy\groovy-xml\4.0.16\groovy-xml-4.0.16.jar;C:\Users\PnQ\.m2\repository\org\apache\httpcomponents\httpclient\4.5.13\httpclient-4.5.13.jar;C:\Users\PnQ\.m2\repository\org\apache\httpcomponents\httpcore\4.4.13\httpcore-4.4.13.jar;C:\Users\PnQ\.m2\repository\commons-logging\commons-logging\1.2\commons-logging-1.2.jar;C:\Users\PnQ\.m2\repository\org\apache\httpcomponents\httpmime\4.5.13\httpmime-4.5.13.jar;C:\Users\PnQ\.m2\repository\org\hamcrest\hamcrest\2.2\hamcrest-2.2.jar;C:\Users\PnQ\.m2\repository\org\ccil\cowan\tagsoup\tagsoup\1.2.1\tagsoup-1.2.1.jar;C:\Users\PnQ\.m2\repository\io\rest-assured\xml-path\5.4.0\xml-path-5.4.0.jar;C:\Users\PnQ\.m2\repository\io\rest-assured\json-path\5.4.0\json-path-5.4.0.jar;C:\Users\PnQ\.m2\repository\org\apache\groovy\groovy-json\4.0.16\groovy-json-4.0.16.jar;C:\Users\PnQ\.m2\repository\io\rest-assured\rest-assured-common\5.4.0\rest-assured-common-5.4.0.jar;C:\Users\PnQ\.m2\repository\org\json\json\20240205\json-20240205.jar;C:\Users\PnQ\.m2\repository\org\testng\testng\7.7.1\testng-7.7.1.jar;C:\Users\PnQ\.m2\repository\org\slf4j\slf4j-api\1.7.36\slf4j-api-1.7.36.jar;C:\Users\PnQ\.m2\repository\com\beust\jcommander\1.82\jcommander-1.82.jar;C:\Users\PnQ\.m2\repository\org\webjars\jquery\3.6.1\jquery-3.6.1.jar;C:\Users\PnQ\.m2\repository\com\github\scribejava\scribejava-apis\8.3.3\scribejava-apis-8.3.3.jar;C:\Users\PnQ\.m2\repository\com\github\scribejava\scribejava-core\8.3.3\scribejava-core-8.3.3.jar;C:\Users\PnQ\.m2\repository\com\github\scribejava\scribejava-java8\8.3.3\scribejava-java8-8.3.3.jar;C:\Users\PnQ\.m2\repository\com\fasterxml\jackson\core\jackson-databind\2.14.0\jackson-databind-2.14.0.jar;C:\Users\PnQ\.m2\repository\com\fasterxml\jackson\core\jackson-annotations\2.14.0\jackson-annotations-2.14.0.jar;C:\Users\PnQ\.m2\repository\com\fasterxml\jackson\core\jackson-core\2.14.0\jackson-core-2.14.0.jar;C:\Users\PnQ\.m2\repository\io\rest-assured\json-schema-validator\5.4.0\json-schema-validator-5.4.0.jar;C:\Users\PnQ\.m2\repository\com\github\java-json-tools\json-schema-validator\2.2.14\json-schema-validator-2.2.14.jar;C:\Users\PnQ\.m2\repository\com\github\java-json-tools\jackson-coreutils-equivalence\1.0\jackson-coreutils-equivalence-1.0.jar;C:\Users\PnQ\.m2\repository\com\github\java-json-tools\jackson-coreutils\2.0\jackson-coreutils-2.0.jar;C:\Users\PnQ\.m2\repository\com\github\java-json-tools\msg-simple\1.2\msg-simple-1.2.jar;C:\Users\PnQ\.m2\repository\com\github\java-json-tools\btf\1.3\btf-1.3.jar;C:\Users\PnQ\.m2\repository\com\github\java-json-tools\json-schema-core\1.2.14\json-schema-core-1.2.14.jar;C:\Users\PnQ\.m2\repository\com\github\java-json-tools\uri-template\0.10\uri-template-0.10.jar;C:\Users\PnQ\.m2\repository\org\mozilla\rhino\1.7.7.2\rhino-1.7.7.2.jar;C:\Users\PnQ\.m2\repository\com\sun\mail\mailapi\1.6.2\mailapi-1.6.2.jar;C:\Users\PnQ\.m2\repository\joda-time\joda-time\2.10.5\joda-time-2.10.5.jar;C:\Users\PnQ\.m2\repository\com\googlecode\libphonenumber\libphonenumber\8.11.1\libphonenumber-8.11.1.jar;C:\Users\PnQ\.m2\repository\com\google\code\findbugs\jsr305\3.0.2\jsr305-3.0.2.jar;C:\Users\PnQ\.m2\repository\net\sf\jopt-simple\jopt-simple\5.0.4\jopt-simple-5.0.4.jar;C:\Users\PnQ\.m2\repository\com\google\guava\guava\32.0.1-jre\guava-32.0.1-jre.jar;C:\Users\PnQ\.m2\repository\com\google\guava\failureaccess\1.0.1\failureaccess-1.0.1.jar;C:\Users\PnQ\.m2\repository\com\google\guava\listenablefuture\9999.0-empty-to-avoid-conflict-with-guava\listenablefuture-9999.0-empty-to-avoid-conflict-with-guava.jar;C:\Users\PnQ\.m2\repository\org\checkerframework\checker-qual\3.33.0\checker-qual-3.33.0.jar;C:\Users\PnQ\.m2\repository\com\google\errorprone\error_prone_annotations\2.18.0\error_prone_annotations-2.18.0.jar;C:\Users\PnQ\.m2\repository\com\google\j2objc\j2objc-annotations\2.8\j2objc-annotations-2.8.jar;C:\Users\PnQ\.m2\repository\org\apache\poi\poi\5.2.4\poi-5.2.4.jar;C:\Users\PnQ\.m2\repository\commons-codec\commons-codec\1.16.0\commons-codec-1.16.0.jar;C:\Users\PnQ\.m2\repository\org\apache\commons\commons-collections4\4.4\commons-collections4-4.4.jar;C:\Users\PnQ\.m2\repository\org\apache\commons\commons-math3\3.6.1\commons-math3-3.6.1.jar;C:\Users\PnQ\.m2\repository\commons-io\commons-io\2.13.0\commons-io-2.13.0.jar;C:\Users\PnQ\.m2\repository\com\zaxxer\SparseBitSet\1.3\SparseBitSet-1.3.jar;C:\Users\PnQ\.m2\repository\org\apache\poi\poi-ooxml\5.2.4\poi-ooxml-5.2.4.jar;C:\Users\PnQ\.m2\repository\org\apache\poi\poi-ooxml-lite\5.2.4\poi-ooxml-lite-5.2.4.jar;C:\Users\PnQ\.m2\repository\org\apache\xmlbeans\xmlbeans\5.1.1\xmlbeans-5.1.1.jar;C:\Users\PnQ\.m2\repository\org\apache\commons\commons-compress\1.24.0\commons-compress-1.24.0.jar;C:\Users\PnQ\.m2\repository\com\github\virtuald\curvesapi\1.08\curvesapi-1.08.jar;C:\Users\PnQ\.m2\repository\com\aventstack\extentreports\5.1.0\extentreports-5.1.0.jar;C:\Users\PnQ\.m2\repository\io\reactivex\rxjava3\rxjava\3.1.6\rxjava-3.1.6.jar;C:\Users\PnQ\.m2\repository\org\reactivestreams\reactive-streams\1.0.4\reactive-streams-1.0.4.jar;C:\Users\PnQ\.m2\repository\org\freemarker\freemarker\2.3.32\freemarker-2.3.32.jar;C:\Users\PnQ\.m2\repository\org\projectlombok\lombok\1.18.26\lombok-1.18.26.jar;C:\Users\PnQ\.m2\repository\com\google\code\gson\gson\2.10.1\gson-2.10.1.jar;C:\Users\PnQ\.m2\repository\com\github\javafaker\javafaker\1.0.1\javafaker-1.0.1.jar;C:\Users\PnQ\.m2\repository\org\apache\commons\commons-lang3\3.5\commons-lang3-3.5.jar;C:\Users\PnQ\.m2\repository\org\yaml\snakeyaml\1.23\snakeyaml-1.23-android.jar;C:\Users\PnQ\.m2\repository\com\github\mifmif\generex\1.0.2\generex-1.0.2.jar;C:\Users\PnQ\.m2\repository\dk\brics\automaton\automaton\1.11-8\automaton-1.11-8.jar;C:\Users\PnQ\.m2\repository\org\apache\logging\log4j\log4j-api\2.23.1\log4j-api-2.23.1.jar;C:\Users\PnQ\.m2\repository\org\apache\logging\log4j\log4j-core\2.23.1\log4j-core-2.23.1.jar;"/>
    <property name="sun.cpu.endian" value="little"/>
    <property name="user.home" value="C:\Users\PnQ"/>
    <property name="user.language" value="en"/>
    <property name="java.specification.vendor" value="Oracle Corporation"/>
    <property name="java.version.date" value="2022-04-22"/>
    <property name="java.home" value="C:\Program Files\Java\jdk-18.0.1.1"/>
    <property name="file.separator" value="\"/>
    <property name="basedir" value="C:\Users\PnQ\eclipse-workspace\RestAssurredFramework"/>
    <property name="java.vm.compressedOopsMode" value="Zero based"/>
    <property name="line.separator" value="&#10;"/>
    <property name="java.vm.specification.vendor" value="Oracle Corporation"/>
    <property name="java.specification.name" value="Java Platform API Specification"/>
    <property name="surefire.real.class.path" value="C:\Users\PnQ\AppData\Local\Temp\surefire15162568049336943106\surefirebooter-20240327192808242_3.jar"/>
    <property name="user.script" value=""/>
    <property name="sun.management.compiler" value="HotSpot 64-Bit Tiered Compilers"/>
    <property name="java.runtime.version" value="18.0.1.1+2-6"/>
    <property name="user.name" value="PnQ"/>
    <property name="path.separator" value=";"/>
    <property name="os.version" value="10.0"/>
    <property name="java.runtime.name" value="Java(TM) SE Runtime Environment"/>
    <property name="file.encoding" value="UTF-8"/>
    <property name="java.vm.name" value="Java HotSpot(TM) 64-Bit Server VM"/>
    <property name="localRepository" value="C:\Users\PnQ\.m2\repository"/>
    <property name="java.vendor.url.bug" value="https://bugreport.java.com/bugreport/"/>
    <property name="java.io.tmpdir" value="C:\Users\PnQ\AppData\Local\Temp\"/>
    <property name="java.version" value="18.0.1.1"/>
    <property name="user.dir" value="C:\Users\PnQ\eclipse-workspace\RestAssurredFramework"/>
    <property name="os.arch" value="amd64"/>
    <property name="java.vm.specification.name" value="Java Virtual Machine Specification"/>
    <property name="sun.os.patch.level" value=""/>
    <property name="native.encoding" value="Cp1252"/>
    <property name="java.library.path" value="C:\Program Files\Java\jdk-18.0.1.1\bin;C:\WINDOWS\Sun\Java\bin;C:\WINDOWS\system32;C:\WINDOWS;C:\Program Files\Common Files\Oracle\Java\javapath;C:\WINDOWS\system32;C:\WINDOWS;C:\WINDOWS\System32\Wbem;C:\WINDOWS\System32\WindowsPowerShell\v1.0\;C:\WINDOWS\System32\OpenSSH\;C:\Program Files (x86)\dotnet\;C:\Users\PnQ\apache-maven-3.8.6-bin\apache-maven-3.8.6\bin;C:\Automation\apache-maven-3.9.1-bin\apache-maven-3.9.1\bin;C:\Program Files (x86)\PDFtk\bin\;C:\Program Files\MySQL\MySQL Server 8.0\bin;C:\Program Files\Git\cmd;C:\Program Files\nodejs\;C:\Program Files\MySQL\MySQL Shell 8.0\bin\;C:\Users\PnQ\AppData\Local\Microsoft\WindowsApps;C:\Users\PnQ\AppData\Roaming\npm;."/>
    <property name="java.vm.info" value="mixed mode, sharing"/>
    <property name="java.vendor" value="Oracle Corporation"/>
    <property name="java.vm.version" value="18.0.1.1+2-6"/>
    <property name="sun.io.unicode.encoding" value="UnicodeLittle"/>
    <property name="java.class.version" value="62.0"/>
  </properties>
  <testcase name="createUserByPost[1010, testuser1, joy, verma, joyverm@gmail.com, Test@123, 1234567894](1)" classname="api.test.DataDrivenTest" time="2.446">
    <system-out><![CDATA[2024-03-27T13:58:09.262037800Z main DEBUG Apache Log4j Core 2.23 initializing configuration XmlConfiguration[location=C:\Users\PnQ\eclipse-workspace\RestAssurredFramework\target\test-classes\log4j2.xml]
2024-03-27T13:58:09.263028100Z main WARN The use of package scanning to locate plugins is deprecated and will be removed in a future release
2024-03-27T13:58:09.266888500Z main DEBUG Took 0.002050 seconds to load 0 plugins from package org.apache.logging.log4j.test
2024-03-27T13:58:09.266888500Z main DEBUG PluginManager 'Core' found 131 plugins
2024-03-27T13:58:09.266888500Z main WARN The use of package scanning to locate plugins is deprecated and will be removed in a future release
2024-03-27T13:58:09.266888500Z main DEBUG PluginManager 'Level' found 0 plugins
2024-03-27T13:58:09.271011200Z main DEBUG Building Plugin[name=property, class=org.apache.logging.log4j.core.config.Property].
2024-03-27T13:58:09.282667600Z main DEBUG PluginManager 'TypeConverter' found 26 plugins
2024-03-27T13:58:09.287600300Z main DEBUG createProperty(name="filename", value="target/test.log", Configuration(XMLConfigTest))
2024-03-27T13:58:09.288586900Z main DEBUG Building Plugin[name=properties, class=org.apache.logging.log4j.core.config.PropertiesPlugin].
2024-03-27T13:58:09.292579700Z main DEBUG configureSubstitutor(={filename=target/test.log}, Configuration(XMLConfigTest))
2024-03-27T13:58:09.293595Z main WARN The use of package scanning to locate plugins is deprecated and will be removed in a future release
2024-03-27T13:58:09.293595Z main DEBUG PluginManager 'Lookup' found 16 plugins
2024-03-27T13:58:09.294574700Z main DEBUG Building Plugin[name=filter, class=org.apache.logging.log4j.core.filter.ThresholdFilter].
2024-03-27T13:58:09.296346900Z main DEBUG createFilter(level="TRACE", onMatch="null", onMismatch="null")
2024-03-27T13:58:09.297341900Z main DEBUG Building Plugin[name=layout, class=org.apache.logging.log4j.core.layout.PatternLayout].
2024-03-27T13:58:09.304901400Z main DEBUG PatternLayout$Builder(pattern="%m MDC%X%n", PatternSelector=null, Configuration(XMLConfigTest), Replace=null, charset="null", alwaysWriteExceptions="null", disableAnsi="null", noConsoleNoAnsi="null", header="null", footer="null")
2024-03-27T13:58:09.304901400Z main WARN The use of package scanning to locate plugins is deprecated and will be removed in a future release
2024-03-27T13:58:09.304901400Z main DEBUG PluginManager 'Converter' found 45 plugins
2024-03-27T13:58:09.306895500Z main DEBUG Building Plugin[name=filter, class=org.apache.logging.log4j.core.filter.MarkerFilter].
2024-03-27T13:58:09.308887400Z main DEBUG createFilter(marker="FLOW", onMatch="DENY", onMismatch="NEUTRAL")
2024-03-27T13:58:09.308887400Z main DEBUG Building Plugin[name=filter, class=org.apache.logging.log4j.core.filter.MarkerFilter].
2024-03-27T13:58:09.308887400Z main DEBUG createFilter(marker="EXCEPTION", onMatch="DENY", onMismatch="ACCEPT")
2024-03-27T13:58:09.308887400Z main DEBUG Building Plugin[name=filters, class=org.apache.logging.log4j.core.filter.CompositeFilter].
2024-03-27T13:58:09.308887400Z main DEBUG createFilters(={FLOW, EXCEPTION})
2024-03-27T13:58:09.308887400Z main DEBUG Building Plugin[name=appender, class=org.apache.logging.log4j.core.appender.ConsoleAppender].
2024-03-27T13:58:09.320797Z main DEBUG ConsoleAppender$Builder(target="null", follow="null", direct="null", bufferedIo="null", bufferSize="null", immediateFlush="null", ignoreExceptions="null", PatternLayout(%m MDC%X%n), name="STDOUT", Configuration(XMLConfigTest), Filters({FLOW, EXCEPTION}), ={})
2024-03-27T13:58:09.323788400Z main DEBUG Starting OutputStreamManager SYSTEM_OUT.false.false
2024-03-27T13:58:09.323788400Z main DEBUG Building Plugin[name=layout, class=org.apache.logging.log4j.core.layout.PatternLayout].
2024-03-27T13:58:09.325288900Z main DEBUG PatternLayout$Builder(pattern="%C{1}.%M %m %ex%n", PatternSelector=null, Configuration(XMLConfigTest), Replace=null, charset="null", alwaysWriteExceptions="null", disableAnsi="null", noConsoleNoAnsi="null", header="null", footer="null")
2024-03-27T13:58:09.326325100Z main DEBUG Building Plugin[name=filter, class=org.apache.logging.log4j.core.filter.MarkerFilter].
2024-03-27T13:58:09.327336300Z main DEBUG createFilter(marker="FLOW", onMatch="ACCEPT", onMismatch="NEUTRAL")
2024-03-27T13:58:09.327336300Z main DEBUG Building Plugin[name=filter, class=org.apache.logging.log4j.core.filter.MarkerFilter].
2024-03-27T13:58:09.328323800Z main DEBUG createFilter(marker="EXCEPTION", onMatch="ACCEPT", onMismatch="DENY")
2024-03-27T13:58:09.328323800Z main DEBUG Building Plugin[name=filters, class=org.apache.logging.log4j.core.filter.CompositeFilter].
2024-03-27T13:58:09.328323800Z main DEBUG createFilters(={FLOW, EXCEPTION})
2024-03-27T13:58:09.328323800Z main DEBUG Building Plugin[name=appender, class=org.apache.logging.log4j.core.appender.ConsoleAppender].
2024-03-27T13:58:09.328323800Z main DEBUG ConsoleAppender$Builder(target="null", follow="null", direct="null", bufferedIo="null", bufferSize="null", immediateFlush="null", ignoreExceptions="null", PatternLayout(%C{1}.%M %m %ex%n), name="FLOW", Configuration(XMLConfigTest), Filters({FLOW, EXCEPTION}), ={})
2024-03-27T13:58:09.331312800Z main DEBUG Building Plugin[name=layout, class=org.apache.logging.log4j.core.layout.PatternLayout].
2024-03-27T13:58:09.331312800Z main DEBUG PatternLayout$Builder(pattern="%d %p %C{1.} [%t] %m%n", PatternSelector=null, Configuration(XMLConfigTest), Replace=null, charset="null", alwaysWriteExceptions="null", disableAnsi="null", noConsoleNoAnsi="null", header="null", footer="null")
2024-03-27T13:58:09.336834300Z main DEBUG Building Plugin[name=appender, class=org.apache.logging.log4j.core.appender.FileAppender].
2024-03-27T13:58:09.339823400Z main DEBUG FileAppender$Builder(fileName="target/test.log", append="null", locking="null", advertise="null", advertiseUri="null", createOnDemand="null", filePermissions="null", fileOwner="null", fileGroup="null", bufferedIo="null", bufferSize="null", immediateFlush="null", ignoreExceptions="null", PatternLayout(%d %p %C{1.} [%t] %m%n), name="File", Configuration(XMLConfigTest), Filter=null, ={})
2024-03-27T13:58:09.344647100Z main DEBUG Starting FileManager target/test.log
2024-03-27T13:58:09.344647100Z main DEBUG Building Plugin[name=appenders, class=org.apache.logging.log4j.core.config.AppendersPlugin].
2024-03-27T13:58:09.344647100Z main ERROR Appenders contains an invalid element or attribute "List"
2024-03-27T13:58:09.344647100Z main DEBUG createAppenders(={STDOUT, FLOW, File})
2024-03-27T13:58:09.345647300Z main DEBUG Building Plugin[name=KeyValuePair, class=org.apache.logging.log4j.core.util.KeyValuePair].
2024-03-27T13:58:09.346153400Z main DEBUG KeyValuePair$Builder(key="test", value="123")
2024-03-27T13:58:09.347156400Z main DEBUG Building Plugin[name=filter, class=org.apache.logging.log4j.core.filter.ThreadContextMapFilter].
2024-03-27T13:58:09.347156400Z main DEBUG createFilter(={test=123}, operator="null", onMatch="null", onMismatch="null")
2024-03-27T13:58:09.349157800Z main DEBUG Successfully initialized ContextDataFactory by retrieving the context data with 0 entries
2024-03-27T13:58:09.349157800Z main DEBUG Building Plugin[name=AppenderRef, class=org.apache.logging.log4j.core.config.AppenderRef].
2024-03-27T13:58:09.350149400Z main DEBUG createAppenderRef(ref="STDOUT", level="null", Filter=null)
2024-03-27T13:58:09.350149400Z main DEBUG Building Plugin[name=logger, class=org.apache.logging.log4j.core.config.LoggerConfig].
2024-03-27T13:58:09.353134900Z main DEBUG LoggerConfig$Builder(additivity="false", level="DEBUG", levelAndRefs="null", name="org.apache.logging.log4j.test1", includeLocation="null", ={STDOUT}, ={}, Configuration(XMLConfigTest), ThreadContextMapFilter(isAnd=true, {test=[123]}))
2024-03-27T13:58:09.354641200Z main DEBUG Building Plugin[name=AppenderRef, class=org.apache.logging.log4j.core.config.AppenderRef].
2024-03-27T13:58:09.355685200Z main DEBUG createAppenderRef(ref="File", level="null", Filter=null)
2024-03-27T13:58:09.355685200Z main DEBUG Building Plugin[name=logger, class=org.apache.logging.log4j.core.config.LoggerConfig].
2024-03-27T13:58:09.355685200Z main DEBUG LoggerConfig$Builder(additivity="false", level="DEBUG", levelAndRefs="null", name="org.apache.logging.log4j.test2", includeLocation="null", ={File}, ={}, Configuration(XMLConfigTest), Filter=null)
2024-03-27T13:58:09.355685200Z main DEBUG Building Plugin[name=AppenderRef, class=org.apache.logging.log4j.core.config.AppenderRef].
2024-03-27T13:58:09.355685200Z main DEBUG createAppenderRef(ref="List", level="null", Filter=null)
2024-03-27T13:58:09.356681200Z main DEBUG Building Plugin[name=root, class=org.apache.logging.log4j.core.config.LoggerConfig$RootLogger].
2024-03-27T13:58:09.358678900Z main DEBUG LoggerConfig$RootLogger$Builder(additivity="null", level="TRACE", levelAndRefs="null", includeLocation="null", ={List}, ={}, Configuration(XMLConfigTest), Filter=null)
2024-03-27T13:58:09.359332900Z main DEBUG Building Plugin[name=loggers, class=org.apache.logging.log4j.core.config.LoggersPlugin].
2024-03-27T13:58:09.359786400Z main DEBUG createLoggers(={org.apache.logging.log4j.test1, org.apache.logging.log4j.test2, root})
2024-03-27T13:58:09.360809300Z main ERROR Unable to locate appender "List" for logger config "root"
2024-03-27T13:58:09.360809300Z main DEBUG Configuration XmlConfiguration[location=C:\Users\PnQ\eclipse-workspace\RestAssurredFramework\target\test-classes\log4j2.xml] initialized
2024-03-27T13:58:09.360809300Z main DEBUG Starting configuration XmlConfiguration[location=C:\Users\PnQ\eclipse-workspace\RestAssurredFramework\target\test-classes\log4j2.xml]
2024-03-27T13:58:09.360809300Z main DEBUG Started configuration XmlConfiguration[location=C:\Users\PnQ\eclipse-workspace\RestAssurredFramework\target\test-classes\log4j2.xml] OK.
2024-03-27T13:58:09.361783800Z main DEBUG Shutting down OutputStreamManager SYSTEM_OUT.false.false-1
2024-03-27T13:58:09.361783800Z main DEBUG OutputStream closed
2024-03-27T13:58:09.361783800Z main DEBUG Shut down OutputStreamManager SYSTEM_OUT.false.false-1, all resources released: true
2024-03-27T13:58:09.361783800Z main DEBUG Appender DefaultConsole-1 stopped with status true
2024-03-27T13:58:09.361783800Z main DEBUG Stopped org.apache.logging.log4j.core.config.DefaultConfiguration@4b8d604b OK
2024-03-27T13:58:09.414409200Z main DEBUG Registering MBean org.apache.logging.log4j2:type=c387f44
2024-03-27T13:58:09.415451300Z main DEBUG Registering MBean org.apache.logging.log4j2:type=c387f44,component=StatusLogger
2024-03-27T13:58:09.416861200Z main DEBUG Registering MBean org.apache.logging.log4j2:type=c387f44,component=ContextSelector
2024-03-27T13:58:09.417866300Z main DEBUG Registering MBean org.apache.logging.log4j2:type=c387f44,component=Loggers,name=org.apache.logging.log4j.test1
2024-03-27T13:58:09.417866300Z main DEBUG Registering MBean org.apache.logging.log4j2:type=c387f44,component=Loggers,name=
2024-03-27T13:58:09.417866300Z main DEBUG Registering MBean org.apache.logging.log4j2:type=c387f44,component=Loggers,name=org.apache.logging.log4j.test2
2024-03-27T13:58:09.418867700Z main DEBUG Registering MBean org.apache.logging.log4j2:type=c387f44,component=Appenders,name=STDOUT
2024-03-27T13:58:09.418867700Z main DEBUG Registering MBean org.apache.logging.log4j2:type=c387f44,component=Appenders,name=File
2024-03-27T13:58:09.419866100Z main DEBUG Registering MBean org.apache.logging.log4j2:type=c387f44,component=Appenders,name=FLOW
2024-03-27T13:58:09.420861600Z main DEBUG org.apache.logging.log4j.core.util.SystemClock supports precise timestamps.
2024-03-27T13:58:09.420861600Z main DEBUG Reconfiguration complete for context[name=c387f44] at URI C:\Users\PnQ\eclipse-workspace\RestAssurredFramework\target\test-classes\log4j2.xml (org.apache.logging.log4j.core.LoggerContext@758a34ce) with optional ClassLoader: null
2024-03-27T13:58:09.421852Z main DEBUG Shutdown hook enabled. Registering a new one.
2024-03-27T13:58:09.427359600Z main DEBUG LoggerContext[name=c387f44, org.apache.logging.log4j.core.LoggerContext@758a34ce] started OK.
]]></system-out>
    <system-err><![CDATA[SLF4J: Failed to load class "org.slf4j.impl.StaticLoggerBinder".
SLF4J: Defaulting to no-operation (NOP) logger implementation
SLF4J: See http://www.slf4j.org/codes.html#StaticLoggerBinder for further details.
]]></system-err>
  </testcase>
  <testcase name="createUserByPost[1020, testuser2, abby, sharma, abc@gmail.com, Test@124, 1234567894](2)" classname="api.test.DataDrivenTest" time="1.085"/>
  <testcase name="createUserByPost[1030, testuser3, jay, pritchet, jduwndn@gmail.com, Test@125, 1234567894](3)" classname="api.test.DataDrivenTest" time="1.061"/>
  <testcase name="deleteUser[testuser1](1)" classname="api.test.DataDrivenTest" time="1.059"/>
  <testcase name="deleteUser[testuser2](2)" classname="api.test.DataDrivenTest" time="1.065"/>
  <testcase name="deleteUser[testuser3](3)" classname="api.test.DataDrivenTest" time="1.042"/>
</testsuite>