<?xml version="1.0" encoding="UTF-8"?>
<!-- Generated by org.testng.reporters.JUnitReportReporter -->
<testsuite hostname="LAPTOP-PGPBS0AG" failures="0" tests="6" name="api.test.DataDrivenTest" time="8.004" errors="0" timestamp="2024-03-21T17:04:12 IST" skipped="0">
  <testcase classname="api.test.DataDrivenTest" name="createUserByPost" time="2.474"/>
  <system-out/>
  <testcase classname="api.test.DataDrivenTest" name="createUserByPost" time="1.079"/>
  <system-out/>
  <testcase classname="api.test.DataDrivenTest" name="createUserByPost" time="1.068"/>
  <system-out/>
  <testcase classname="api.test.DataDrivenTest" name="deleteUser" time="1.188"/>
  <system-out/>
  <testcase classname="api.test.DataDrivenTest" name="deleteUser" time="1.138"/>
  <system-out/>
  <testcase classname="api.test.DataDrivenTest" name="deleteUser" time="1.057"/>
  <system-out/>
</testsuite> <!-- api.test.DataDrivenTest -->
