<?xml version="1.0" encoding="UTF-8"?>
<!-- Generated by org.testng.reporters.JUnitReportReporter -->
<testsuite hostname="LAPTOP-PGPBS0AG" failures="0" tests="4" name="api.test.testUser" time="6.687" errors="0" timestamp="2024-03-21T20:28:19 IST" skipped="0">
  <testcase classname="api.test.testUser" name="postMethod" time="2.453"/>
  <system-out/>
  <testcase classname="api.test.testUser" name="getUser" time="1.059"/>
  <system-out/>
  <testcase classname="api.test.testUser" name="updateuserByuserName" time="2.137"/>
  <system-out/>
  <testcase classname="api.test.testUser" name="deleteUserByuserName" time="1.038"/>
  <system-out/>
</testsuite> <!-- api.test.testUser -->
