<?xml version="1.0" encoding="UTF-8"?>
<!-- Generated by org.testng.reporters.JUnitReportReporter -->
<testsuite hostname="LAPTOP-PGPBS0AG" failures="0" tests="6" name="api.test.DataDrivenTest" time="7.759" errors="0" timestamp="2024-03-27T19:28:18 IST" skipped="0">
  <testcase classname="api.test.DataDrivenTest" name="createUserByPost" time="1.061"/>
  <system-out/>
  <testcase classname="api.test.DataDrivenTest" name="createUserByPost" time="1.086"/>
  <system-out/>
  <testcase classname="api.test.DataDrivenTest" name="createUserByPost" time="2.450"/>
  <system-out/>
  <testcase classname="api.test.DataDrivenTest" name="deleteUser" time="1.057"/>
  <system-out/>
  <testcase classname="api.test.DataDrivenTest" name="deleteUser" time="1.064"/>
  <system-out/>
  <testcase classname="api.test.DataDrivenTest" name="deleteUser" time="1.041"/>
  <system-out/>
</testsuite> <!-- api.test.DataDrivenTest -->
